<?xml version="1.0" encoding="UTF-8"?>
<!-- Generated by org.testng.reporters.JUnitXMLReporter -->
<testsuite ignored="1" hostname="Taniya-PC" failures="0" tests="3" name="Test case 1" time="20.082" errors="0" timestamp="2022-03-06T14:07:56 IST">
  <testcase classname="com.selenium.testing.Login_Mutualfund" name="LoginTuser" time="8.997"/>
  <testcase classname="com.selenium.testing.Login_Mutualfund" name="LoginJsmith" time="4.843"/>
  <testcase classname="com.selenium.testing.Login_Mutualfund" name="LoginInvalidUser" time="4.435"/>
  <testcase classname="com.selenium.testing.Login_Mutualfund" name="LoginAdmin" time="0.0">
    <ignored/>
  </testcase> <!-- LoginAdmin -->
</testsuite> <!-- Test case 1 -->
