<?xml version="1.0" encoding="UTF-8"?>
<!-- Generated by org.testng.reporters.JUnitXMLReporter -->
<testsuite hostname="Taniya-PC" ignored="1" name="Test case 1" tests="3" failures="0" timestamp="2022-04-03T12:33:57 IST" time="19.312" errors="0">
  <testcase name="LoginTuser" time="7.177" classname="com.selenium.testing.Login_Mutualfund"/>
  <testcase name="LoginJsmith" time="4.968" classname="com.selenium.testing.Login_Mutualfund"/>
  <testcase name="LoginInvalidUser" time="4.53" classname="com.selenium.testing.Login_Mutualfund"/>
  <testcase name="LoginAdmin" time="0.0" classname="com.selenium.testing.Login_Mutualfund">
    <ignored/>
  </testcase> <!-- LoginAdmin -->
</testsuite> <!-- Test case 1 -->
