<?xml version="1.0" encoding="UTF-8"?>
<!-- Generated by org.testng.reporters.JUnitXMLReporter -->
<testsuite ignored="0" hostname="Taniya-PC" failures="0" tests="3" name="Default test" time="13.722" errors="0" timestamp="2022-03-26T12:55:59 IST">
  <testcase classname="com.selenium.fd.Fixed_Deposite_DataProvider" name="f" time="4.853"/>
  <testcase classname="com.selenium.fd.Fixed_Deposite_DataProvider" name="f" time="3.876"/>
  <testcase classname="com.selenium.fd.Fixed_Deposite_DataProvider" name="f" time="3.849"/>
</testsuite> <!-- Default test -->
