<?xml version="1.0" encoding="UTF-8"?>
<testsuite xmlns:xsi="http://www.w3.org/2001/XMLSchema-instance" xsi:noNamespaceSchemaLocation="https://maven.apache.org/surefire/maven-surefire-plugin/xsd/surefire-test-report.xsd" name="TestSuite" time="20.1" tests="7" errors="0" skipped="0" failures="0">
  <properties>
[...]
</properties>
  <testcase name="LoginAdmin" classname="com.selenium.testing.HardAssert" time="5.504"/>
  <testcase name="LoginAdmin" classname="com.selenium.testing.SoftAssert_Code" time="0.042"/>
  <testcase name="LoginTuser" classname="com.selenium.testing.Login_Mutualfund" time="1.625"/>
  <testcase name="LogOut" classname="com.selenium.testing.HardAssert" time="2.673"/>
  <testcase name="LogOut" classname="com.selenium.testing.SoftAssert_Code" time="2.766"/>
  <testcase name="LoginJsmith" classname="com.selenium.testing.Login_Mutualfund" time="4.969"/>
  <testcase name="LoginInvalidUser" classname="com.selenium.testing.Login_Mutualfund" time="4.53"/>
</testsuite>