<?xml version="1.0" encoding="UTF-8"?>
<testng-results ignored="0" total="3" passed="3" failed="0" skipped="0">
  <reporter-output>
  </reporter-output>
  <suite started-at="2022-03-26T12:55:46 IST" name="Default suite" finished-at="2022-03-26T12:55:59 IST" duration-ms="13722">
    <groups>
    </groups>
    <test started-at="2022-03-26T12:55:46 IST" name="Default test" finished-at="2022-03-26T12:55:59 IST" duration-ms="13722">
      <class name="com.selenium.fd.Fixed_Deposite_DataProvider">
        <test-method is-config="true" signature="beforeTest()[pri:0, instance:com.selenium.fd.Fixed_Deposite_DataProvider@2f217633]" started-at="2022-03-26T12:55:46 IST" name="beforeTest" finished-at="2022-03-26T12:55:47 IST" duration-ms="1102" status="PASS">
          <reporter-output>
          </reporter-output>
        </test-method> <!-- beforeTest -->
        <test-method signature="f(java.lang.String,java.lang.String,java.lang.String,java.lang.String)[pri:0, instance:com.selenium.fd.Fixed_Deposite_DataProvider@2f217633]" started-at="2022-03-26T12:55:47 IST" name="f" data-provider="dp" finished-at="2022-03-26T12:55:52 IST" duration-ms="4853" status="PASS">
          <params>
            <param index="0">
              <value>
                <![CDATA[100000]]>
              </value>
            </param>
            <param index="1">
              <value>
                <![CDATA[8]]>
              </value>
            </param>
            <param index="2">
              <value>
                <![CDATA[5]]>
              </value>
            </param>
            <param index="3">
              <value>
                <![CDATA[Simple Interest]]>
              </value>
            </param>
          </params>
          <reporter-output>
          </reporter-output>
        </test-method> <!-- f -->
        <test-method signature="f(java.lang.String,java.lang.String,java.lang.String,java.lang.String)[pri:0, instance:com.selenium.fd.Fixed_Deposite_DataProvider@2f217633]" started-at="2022-03-26T12:55:52 IST" name="f" data-provider="dp" finished-at="2022-03-26T12:55:56 IST" duration-ms="3876" status="PASS">
          <params>
            <param index="0">
              <value>
                <![CDATA[300000]]>
              </value>
            </param>
            <param index="1">
              <value>
                <![CDATA[7]]>
              </value>
            </param>
            <param index="2">
              <value>
                <![CDATA[6]]>
              </value>
            </param>
            <param index="3">
              <value>
                <![CDATA[Simple Interest]]>
              </value>
            </param>
          </params>
          <reporter-output>
          </reporter-output>
        </test-method> <!-- f -->
        <test-method signature="f(java.lang.String,java.lang.String,java.lang.String,java.lang.String)[pri:0, instance:com.selenium.fd.Fixed_Deposite_DataProvider@2f217633]" started-at="2022-03-26T12:55:56 IST" name="f" data-provider="dp" finished-at="2022-03-26T12:55:59 IST" duration-ms="3849" status="PASS">
          <params>
            <param index="0">
              <value>
                <![CDATA[700000]]>
              </value>
            </param>
            <param index="1">
              <value>
                <![CDATA[5]]>
              </value>
            </param>
            <param index="2">
              <value>
                <![CDATA[3]]>
              </value>
            </param>
            <param index="3">
              <value>
                <![CDATA[Simple Interest]]>
              </value>
            </param>
          </params>
          <reporter-output>
          </reporter-output>
        </test-method> <!-- f -->
        <test-method is-config="true" signature="afterTest()[pri:0, instance:com.selenium.fd.Fixed_Deposite_DataProvider@2f217633]" started-at="2022-03-26T12:55:59 IST" name="afterTest" finished-at="2022-03-26T12:55:59 IST" duration-ms="1" status="PASS">
          <reporter-output>
          </reporter-output>
        </test-method> <!-- afterTest -->
      </class> <!-- com.selenium.fd.Fixed_Deposite_DataProvider -->
    </test> <!-- Default test -->
  </suite> <!-- Default suite -->
</testng-results>
